[13:38:55] [ServerMain/INFO]: [bootstrap] Running Java 25 (OpenJDK 64-Bit Server VM 25.0.1+8-LTS; Eclipse Adoptium Temurin-25.0.1+8) on Linux 6.6.87.2-microsoft-standard-WSL2 (amd64)
[13:38:55] [ServerMain/INFO]: [bootstrap] Loading Paper 1.21.11-126-main@3f5728e (2026-02-28T11:49:07Z) for Minecraft 1.21.11
[13:38:55] [ServerMain/INFO]: [PluginInitializerManager] Initializing plugins...
[13:38:56] [ServerMain/INFO]: [PluginInitializerManager] Initialized 1 plugin
[13:38:56] [ServerMain/INFO]: [PluginInitializerManager] Paper plugins (1):
 - Vanishpp (1.1.4)
[13:39:02] [ServerMain/INFO]: Environment: Environment[sessionHost=https://sessionserver.mojang.com, servicesHost=https://api.minecraftservices.com, profilesHost=https://api.mojang.com, name=PROD]
[13:39:09] [ServerMain/INFO]: Loaded 1470 recipes
[13:39:09] [ServerMain/INFO]: Loaded 1584 advancements
[13:39:09] [ServerMain/INFO]: [ca.spottedleaf.dataconverter.minecraft.datatypes.MCTypeRegistry] Initialising converters for DataConverter...
[13:39:10] [ServerMain/INFO]: [ca.spottedleaf.dataconverter.minecraft.datatypes.MCTypeRegistry] Finished initialising converters for DataConverter in 549.0ms
[13:39:10] [Server thread/INFO]: Starting minecraft server version 1.21.11
[13:39:10] [Server thread/INFO]: Loading properties
[13:39:10] [Server thread/INFO]: This server is running Paper version 1.21.11-126-main@3f5728e (2026-02-28T11:49:07Z) (Implementing API version 1.21.11-R0.1-SNAPSHOT)
[13:39:10] [Server thread/INFO]: [spark] This server bundles the spark profiler. For more information please visit https://docs.papermc.io/paper/profiling
[13:39:10] [Server thread/INFO]: Server Ping Player Sample Count: 12
[13:39:10] [Server thread/INFO]: Using 4 threads for Netty based IO
[13:39:11] [Server thread/INFO]: [MoonriseCommon] Paper is using 3 worker threads, 1 I/O threads
[13:39:11] [Server thread/INFO]: Default game type: SURVIVAL
[13:39:11] [Server thread/INFO]: Generating keypair
[13:39:11] [Server thread/INFO]: Starting Minecraft server on *:25565
[13:39:11] [Server thread/INFO]: Paper: Using libdeflate (Linux x86_64) compression from Velocity.
[13:39:11] [Server thread/INFO]: Paper: Using OpenSSL 3.x.x (Linux x86_64) cipher from Velocity.
[13:39:12] [Server thread/INFO]: [Vanishpp] Loading server plugin Vanishpp v1.1.4
[13:39:12] [Server thread/INFO]: Server permissions file permissions.yml is empty, ignoring it
[13:39:12] [Server thread/WARN]: **** SERVER IS RUNNING IN OFFLINE/INSECURE MODE!
[13:39:12] [Server thread/WARN]: The server will make no attempt to authenticate usernames. Beware.
[13:39:12] [Server thread/WARN]: While this makes the game possible to play without internet access, it also opens up the ability for hackers to connect with any username they choose.
[13:39:12] [Server thread/WARN]: To change this, set "online-mode" to "true" in the server.properties file.
[13:39:12] [Server thread/INFO]: Preparing level "world"
[13:39:14] [Server thread/INFO]: Loading 0 persistent chunks for world 'minecraft:overworld'...
[13:39:14] [Server thread/INFO]: Preparing spawn area: 100%
[13:39:14] [Server thread/INFO]: Prepared spawn area in 2 ms
[13:39:14] [Server thread/INFO]: Loading 0 persistent chunks for world 'minecraft:the_nether'...
[13:39:14] [Server thread/INFO]: Prepared spawn area in 0 ms
[13:39:14] [Server thread/INFO]: Loading 0 persistent chunks for world 'minecraft:the_end'...
[13:39:14] [Server thread/INFO]: Prepared spawn area in 0 ms
[13:39:14] [Server thread/INFO]: Done preparing level "world" (0.834s)
[13:39:14] [Server thread/INFO]: [Vanishpp] Enabling Vanishpp v1.1.4
[13:39:14] [Server thread/INFO]: [Vanishpp] Standard Bukkit/Paper environment detected. Using Legacy Scheduler.
[13:39:14] [Server thread/INFO]: [Vanishpp] Loaded custom permissions for 0 players.
[13:39:14] [Server thread/WARN]: [Vanishpp] ProtocolLib NOT found! Advanced features (Tab scrubbing) disabled.
[13:39:14] [Server thread/ERROR]: Error occurred while enabling Vanishpp v1.1.4 (Is it up to date?)
java.lang.UnsupportedOperationException: You are trying to call JavaPlugin#getCommand on a Paper plugin during startup:
you are probably trying to get a command you tried to define in paper-plugin.yml.
Paper plugins do not support YAML-based command declarations!
You can use JavaPlugin#registerCommand to define commands in Paper plugins.
Please check the documentation for more information on how to define commands in Paper plugins: https://docs.papermc.io/paper/dev/getting-started/paper-plugins#commands

	at org.bukkit.plugin.java.JavaPlugin.getCommand(JavaPlugin.java:338) ~[paper-api-1.21.11-R0.1-SNAPSHOT.jar:?]
	at Vanishpp.jar//net.thecommandcraft.vanishpp.Vanishpp.onEnable(Vanishpp.java:107) ~[?:?]
	at org.bukkit.plugin.java.JavaPlugin.setEnabled(JavaPlugin.java:279) ~[paper-api-1.21.11-R0.1-SNAPSHOT.jar:?]
	at io.papermc.paper.plugin.manager.PaperPluginInstanceManager.enablePlugin(PaperPluginInstanceManager.java:207) ~[paper-1.21.11.jar:1.21.11-126-3f5728e]
	at io.papermc.paper.plugin.manager.PaperPluginManagerImpl.enablePlugin(PaperPluginManagerImpl.java:109) ~[paper-1.21.11.jar:1.21.11-126-3f5728e]
	at org.bukkit.plugin.SimplePluginManager.enablePlugin(SimplePluginManager.java:520) ~[paper-api-1.21.11-R0.1-SNAPSHOT.jar:?]
	at org.bukkit.craftbukkit.CraftServer.enablePlugin(CraftServer.java:639) ~[paper-1.21.11.jar:1.21.11-126-3f5728e]
	at org.bukkit.craftbukkit.CraftServer.enablePlugins(CraftServer.java:596) ~[paper-1.21.11.jar:1.21.11-126-3f5728e]
	at net.minecraft.server.MinecraftServer.initPostWorld(MinecraftServer.java:636) ~[paper-1.21.11.jar:1.21.11-126-3f5728e]
	at net.minecraft.server.dedicated.DedicatedServer.initServer(DedicatedServer.java:365) ~[paper-1.21.11.jar:1.21.11-126-3f5728e]
	at net.minecraft.server.MinecraftServer.runServer(MinecraftServer.java:1253) ~[paper-1.21.11.jar:1.21.11-126-3f5728e]
	at net.minecraft.server.MinecraftServer.lambda$spin$2(MinecraftServer.java:388) ~[paper-1.21.11.jar:1.21.11-126-3f5728e]
	at java.base/java.lang.Thread.run(Unknown Source) ~[?:?]
[13:39:14] [Server thread/INFO]: [Vanishpp] Disabling Vanishpp v1.1.4
[13:39:14] [Server thread/INFO]: [spark] Starting background profiler...
[13:39:15] [Server thread/INFO]: Starting remote control listener
[13:39:15] [Server thread/INFO]: Thread RCON Listener started
[13:39:15] [Server thread/INFO]: RCON running on 0.0.0.0:25575
[13:39:15] [Server thread/INFO]: Running delayed init tasks
[13:39:15] [Server thread/INFO]: Done (22.323s)! For help, type "help"
